kotlin version: 2.0.0
error message: org.jetbrains.kotlin.backend.common.BackendException: Backend Internal error: Exception during IR lowering
File being compiled: C:/Users/as351/AndroidStudioProjects/QuizApp/app/src/main/java/com/example/quizapp/MainActivity.kt
The root cause java.lang.RuntimeException was thrown at: org.jetbrains.kotlin.backend.jvm.codegen.FunctionCodegen.generate(FunctionCodegen.kt:50)
	at org.jetbrains.kotlin.backend.common.CodegenUtil.reportBackendException(CodegenUtil.kt:253)
	at org.jetbrains.kotlin.backend.common.CodegenUtil.reportBackendException$default(CodegenUtil.kt:236)
	at org.jetbrains.kotlin.backend.common.phaser.PerformByIrFilePhase.invokeSequential(performByIrFile.kt:65)
	at org.jetbrains.kotlin.backend.common.phaser.PerformByIrFilePhase.invoke(performByIrFile.kt:52)
	at org.jetbrains.kotlin.backend.common.phaser.PerformByIrFilePhase.invoke(performByIrFile.kt:38)
	at org.jetbrains.kotlin.backend.common.phaser.NamedCompilerPhase.phaseBody(CompilerPhase.kt:166)
	at org.jetbrains.kotlin.backend.common.phaser.AbstractNamedCompilerPhase.invoke(CompilerPhase.kt:113)
	at org.jetbrains.kotlin.backend.common.phaser.CompositePhase.invoke(PhaseBuilders.kt:29)
	at org.jetbrains.kotlin.backend.common.phaser.CompositePhase.invoke(PhaseBuilders.kt:16)
	at org.jetbrains.kotlin.backend.common.phaser.NamedCompilerPhase.phaseBody(CompilerPhase.kt:166)
	at org.jetbrains.kotlin.backend.common.phaser.AbstractNamedCompilerPhase.invoke(CompilerPhase.kt:113)
	at org.jetbrains.kotlin.backend.common.phaser.CompilerPhaseKt.invokeToplevel(CompilerPhase.kt:62)
	at org.jetbrains.kotlin.backend.jvm.JvmIrCodegenFactory.invokeCodegen(JvmIrCodegenFactory.kt:371)
	at org.jetbrains.kotlin.codegen.CodegenFactory.generateModule(CodegenFactory.kt:47)
	at org.jetbrains.kotlin.backend.jvm.JvmIrCodegenFactory.generateModuleInFrontendIRMode(JvmIrCodegenFactory.kt:433)
	at org.jetbrains.kotlin.cli.jvm.compiler.pipeline.JvmCompilerPipelineKt.generateCodeFromIr(jvmCompilerPipeline.kt:241)
	at org.jetbrains.kotlin.cli.jvm.compiler.pipeline.JvmCompilerPipelineKt.compileModulesUsingFrontendIrAndLightTree(jvmCompilerPipeline.kt:140)
	at org.jetbrains.kotlin.cli.jvm.K2JVMCompiler.doExecute(K2JVMCompiler.kt:155)
	at org.jetbrains.kotlin.cli.jvm.K2JVMCompiler.doExecute(K2JVMCompiler.kt:50)
	at org.jetbrains.kotlin.cli.common.CLICompiler.execImpl(CLICompiler.kt:104)
	at org.jetbrains.kotlin.cli.common.CLICompiler.execImpl(CLICompiler.kt:48)
	at org.jetbrains.kotlin.cli.common.CLITool.exec(CLITool.kt:101)
	at org.jetbrains.kotlin.incremental.IncrementalJvmCompilerRunner.runCompiler(IncrementalJvmCompilerRunner.kt:453)
	at org.jetbrains.kotlin.incremental.IncrementalJvmCompilerRunner.runCompiler(IncrementalJvmCompilerRunner.kt:62)
	at org.jetbrains.kotlin.incremental.IncrementalCompilerRunner.doCompile(IncrementalCompilerRunner.kt:506)
	at org.jetbrains.kotlin.incremental.IncrementalCompilerRunner.compileImpl(IncrementalCompilerRunner.kt:423)
	at org.jetbrains.kotlin.incremental.IncrementalCompilerRunner.compileNonIncrementally(IncrementalCompilerRunner.kt:301)
	at org.jetbrains.kotlin.incremental.IncrementalCompilerRunner.compile(IncrementalCompilerRunner.kt:129)
	at org.jetbrains.kotlin.daemon.CompileServiceImplBase.execIncrementalCompiler(CompileServiceImpl.kt:676)
	at org.jetbrains.kotlin.daemon.CompileServiceImplBase.access$execIncrementalCompiler(CompileServiceImpl.kt:92)
	at org.jetbrains.kotlin.daemon.CompileServiceImpl.compile(CompileServiceImpl.kt:1661)
	at jdk.internal.reflect.GeneratedMethodAccessor14.invoke(Unknown Source)
	at java.base/jdk.internal.reflect.DelegatingMethodAccessorImpl.invoke(DelegatingMethodAccessorImpl.java:43)
	at java.base/java.lang.reflect.Method.invoke(Method.java:568)
	at java.rmi/sun.rmi.server.UnicastServerRef.dispatch(UnicastServerRef.java:360)
	at java.rmi/sun.rmi.transport.Transport$1.run(Transport.java:200)
	at java.rmi/sun.rmi.transport.Transport$1.run(Transport.java:197)
	at java.base/java.security.AccessController.doPrivileged(AccessController.java:712)
	at java.rmi/sun.rmi.transport.Transport.serviceCall(Transport.java:196)
	at java.rmi/sun.rmi.transport.tcp.TCPTransport.handleMessages(TCPTransport.java:587)
	at java.rmi/sun.rmi.transport.tcp.TCPTransport$ConnectionHandler.run0(TCPTransport.java:828)
	at java.rmi/sun.rmi.transport.tcp.TCPTransport$ConnectionHandler.lambda$run$0(TCPTransport.java:705)
	at java.base/java.security.AccessController.doPrivileged(AccessController.java:399)
	at java.rmi/sun.rmi.transport.tcp.TCPTransport$ConnectionHandler.run(TCPTransport.java:704)
	at java.base/java.util.concurrent.ThreadPoolExecutor.runWorker(ThreadPoolExecutor.java:1136)
	at java.base/java.util.concurrent.ThreadPoolExecutor$Worker.run(ThreadPoolExecutor.java:635)
	at java.base/java.lang.Thread.run(Thread.java:840)
Caused by: java.lang.RuntimeException: Exception while generating code for:
FUN LOCAL_FUNCTION_FOR_LAMBDA name:onCreate$lambda$16$lambda$15$lambda$4 visibility:private modality:FINAL <> (this$0:com.example.quizapp.MainActivity, $navController:androidx.navigation.NavHostController, $this$composable:androidx.compose.animation.AnimatedContentScope, it:androidx.navigation.NavBackStackEntry) returnType:kotlin.Unit?
  VALUE_PARAMETER BOUND_VALUE_PARAMETER name:this$0 index:0 type:com.example.quizapp.MainActivity
  VALUE_PARAMETER BOUND_VALUE_PARAMETER name:$navController index:1 type:androidx.navigation.NavHostController
  VALUE_PARAMETER name:$this$composable index:2 type:androidx.compose.animation.AnimatedContentScope
  VALUE_PARAMETER name:it index:3 type:androidx.navigation.NavBackStackEntry
  BLOCK_BODY
    VAR name:viewModel type:com.example.quizapp.viewmodel.SignInVIewModel [val]
      TYPE_OP type=com.example.quizapp.viewmodel.SignInVIewModel origin=IMPLICIT_CAST typeOperand=com.example.quizapp.viewmodel.SignInVIewModel
        CALL 'public final fun viewModel$default <VM> (viewModelStoreOwner: androidx.lifecycle.ViewModelStoreOwner?, key: kotlin.String?, factory: androidx.lifecycle.ViewModelProvider.Factory?, extras: androidx.lifecycle.viewmodel.CreationExtras?, $mask0: kotlin.Int, $handler: kotlin.Any?): VM of androidx.lifecycle.viewmodel.compose.ViewModelKt.viewModel$default [inline] declared in androidx.lifecycle.viewmodel.compose.ViewModelKt' type=VM of androidx.lifecycle.viewmodel.compose.ViewModelKt.viewModel$default origin=DEFAULT_DISPATCH_CALL
          <VM>: com.example.quizapp.viewmodel.SignInVIewModel
          viewModelStoreOwner: COMPOSITE type=androidx.lifecycle.ViewModelStoreOwner? origin=DEFAULT_VALUE
            CONST Null type=androidx.lifecycle.ViewModelStoreOwner? value=null
          key: COMPOSITE type=kotlin.String? origin=DEFAULT_VALUE
            CONST Null type=kotlin.String? value=null
          factory: COMPOSITE type=androidx.lifecycle.ViewModelProvider.Factory? origin=DEFAULT_VALUE
            CONST Null type=androidx.lifecycle.ViewModelProvider.Factory? value=null
          extras: COMPOSITE type=androidx.lifecycle.viewmodel.CreationExtras? origin=DEFAULT_VALUE
            CONST Null type=androidx.lifecycle.viewmodel.CreationExtras? value=null
          $mask0: CONST Int type=kotlin.Int value=15
          $handler: CONST Null type=kotlin.Any? value=null
    VAR PROPERTY_DELEGATE name:state$delegate type:androidx.compose.runtime.State<com.example.quizapp.presentation.sign_in.SignInState> [val]
      TYPE_OP type=androidx.compose.runtime.State<com.example.quizapp.presentation.sign_in.SignInState> origin=IMPLICIT_CAST typeOperand=androidx.compose.runtime.State<com.example.quizapp.presentation.sign_in.SignInState>
        CALL 'public final fun collectAsStateWithLifecycle$default <T> (initialValue: T of androidx.lifecycle.compose.FlowExtKt.collectAsStateWithLifecycle$default, lifecycleOwner: androidx.lifecycle.LifecycleOwner?, minActiveState: androidx.lifecycle.Lifecycle.State?, context: kotlin.coroutines.CoroutineContext?, $mask0: kotlin.Int, $handler: kotlin.Any?): androidx.compose.runtime.State<T of androidx.lifecycle.compose.FlowExtKt.collectAsStateWithLifecycle$default> declared in androidx.lifecycle.compose.FlowExtKt' type=androidx.compose.runtime.State<T of androidx.lifecycle.compose.FlowExtKt.collectAsStateWithLifecycle$default> origin=DEFAULT_DISPATCH_CALL
          <T>: com.example.quizapp.presentation.sign_in.SignInState
          $receiver: CALL 'public final fun <get-state> (): kotlinx.coroutines.flow.SharedFlow<com.example.quizapp.presentation.sign_in.SignInState> declared in com.example.quizapp.viewmodel.SignInVIewModel' type=kotlinx.coroutines.flow.SharedFlow<com.example.quizapp.presentation.sign_in.SignInState> origin=GET_PROPERTY
            $this: GET_VAR 'val viewModel: com.example.quizapp.viewmodel.SignInVIewModel [val] declared in com.example.quizapp.MainActivity.onCreate$lambda$16$lambda$15$lambda$4' type=com.example.quizapp.viewmodel.SignInVIewModel origin=null
          initialValue: CONSTRUCTOR_CALL 'public constructor <init> (isSignInSuccessful: kotlin.Boolean, signInError: kotlin.String?, $mask0: kotlin.Int, $marker: kotlin.jvm.internal.DefaultConstructorMarker?) declared in com.example.quizapp.presentation.sign_in.SignInState' type=com.example.quizapp.presentation.sign_in.SignInState origin=DEFAULT_DISPATCH_CALL
            isSignInSuccessful: COMPOSITE type=kotlin.Boolean origin=DEFAULT_VALUE
              CONST Boolean type=kotlin.Boolean value=false
            signInError: COMPOSITE type=kotlin.String? origin=DEFAULT_VALUE
              CONST Null type=kotlin.String? value=null
            $mask0: CONST Int type=kotlin.Int value=3
            $marker: CONST Null type=kotlin.jvm.internal.DefaultConstructorMarker? value=null
          lifecycleOwner: COMPOSITE type=androidx.lifecycle.LifecycleOwner? origin=DEFAULT_VALUE
            CONST Null type=androidx.lifecycle.LifecycleOwner? value=null
          minActiveState: COMPOSITE type=androidx.lifecycle.Lifecycle.State? origin=DEFAULT_VALUE
            CONST Null type=androidx.lifecycle.Lifecycle.State? value=null
          context: COMPOSITE type=kotlin.coroutines.CoroutineContext? origin=DEFAULT_VALUE
            CONST Null type=kotlin.coroutines.CoroutineContext? value=null
          $mask0: CONST Int type=kotlin.Int value=14
          $handler: CONST Null type=kotlin.Any? value=null
    CALL 'public final fun LaunchedEffect (key1: kotlin.Any?, block: @[ExtensionFunctionType] kotlin.coroutines.SuspendFunction1<kotlinx.coroutines.CoroutineScope, kotlin.Unit>): kotlin.Unit declared in androidx.compose.runtime.EffectsKt' type=kotlin.Unit origin=null
      key1: GET_FIELD 'FIELD FIELD_FOR_OBJECT_INSTANCE name:INSTANCE type:kotlin.Unit visibility:public [final,static]' type=kotlin.Unit origin=null
      block: BLOCK type=com.example.quizapp.MainActivity.onCreate$lambda$16$lambda$15$lambda$4.<no name provided> origin=null
        CLASS SUSPEND_LAMBDA CLASS name:<no name provided> modality:FINAL visibility:public/*package*/ superTypes:[kotlin.coroutines.jvm.internal.SuspendLambda; kotlin.jvm.functions.Function2<kotlinx.coroutines.CoroutineScope, kotlin.coroutines.Continuation<kotlin.Unit>?, kotlin.Any?>]
          $this: VALUE_PARAMETER INSTANCE_RECEIVER name:<this> type:com.example.quizapp.MainActivity.onCreate$lambda$16$lambda$15$lambda$4.<no name provided>
          FIELD name:label type:kotlin.Int visibility:public/*package*/
          CONSTRUCTOR SUSPEND_LAMBDA visibility:public/*package*/ <> (this$0:com.example.quizapp.MainActivity, $navController:androidx.navigation.NavHostController, $completion:kotlin.coroutines.Continuation<com.example.quizapp.MainActivity.onCreate$lambda$16$lambda$15$lambda$4.<no name provided>>?) returnType:com.example.quizapp.MainActivity.onCreate$lambda$16$lambda$15$lambda$4.<no name provided> [primary]
            VALUE_PARAMETER BOUND_RECEIVER_PARAMETER name:this$0 index:0 type:com.example.quizapp.MainActivity
            VALUE_PARAMETER BOUND_VALUE_PARAMETER name:$navController index:1 type:androidx.navigation.NavHostController
            VALUE_PARAMETER name:$completion index:2 type:kotlin.coroutines.Continuation<com.example.quizapp.MainActivity.onCreate$lambda$16$lambda$15$lambda$4.<no name provided>>?
            BLOCK_BODY
              SET_FIELD 'FIELD FIELD_FOR_CAPTURED_VALUE name:this$0 type:com.example.quizapp.MainActivity visibility:public/*package*/ [final]' type=kotlin.Unit origin=INITIALIZER_OF_FIELD_FOR_CAPTURED_VALUE
                receiver: GET_VAR '<this>: com.example.quizapp.MainActivity.onCreate$lambda$16$lambda$15$lambda$4.<no name provided> declared in com.example.quizapp.MainActivity.onCreate$lambda$16$lambda$15$lambda$4.<no name provided>' type=com.example.quizapp.MainActivity.onCreate$lambda$16$lambda$15$lambda$4.<no name provided> origin=null
                value: GET_VAR 'this$0: com.example.quizapp.MainActivity declared in com.example.quizapp.MainActivity.onCreate$lambda$16$lambda$15$lambda$4.<no name provided>.<init>' type=com.example.quizapp.MainActivity origin=null
              SET_FIELD 'FIELD FIELD_FOR_CAPTURED_VALUE name:$navController type:androidx.navigation.NavHostController visibility:public/*package*/ [final]' type=kotlin.Unit origin=INITIALIZER_OF_FIELD_FOR_CAPTURED_VALUE
                receiver: GET_VAR '<this>: com.example.quizapp.MainActivity.onCreate$lambda$16$lambda$15$lambda$4.<no name provided> declared in com.example.quizapp.MainActivity.onCreate$lambda$16$lambda$15$lambda$4.<no name provided>' type=com.example.quizapp.MainActivity.onCreate$lambda$16$lambda$15$lambda$4.<no name provided> origin=null
                value: GET_VAR '$navController: androidx.navigation.NavHostController declared in com.example.quizapp.MainActivity.onCreate$lambda$16$lambda$15$lambda$4.<no name provided>.<init>' type=androidx.navigation.NavHostController origin=null
              DELEGATING_CONSTRUCTOR_CALL 'public constructor <init> (arity: kotlin.Int, $completion: kotlin.coroutines.Continuation<kotlin.Any?>?) declared in kotlin.coroutines.jvm.internal.SuspendLambda'
                arity: CONST Int type=kotlin.Int value=2
                $completion: GET_VAR '$completion: kotlin.coroutines.Continuation<com.example.quizapp.MainActivity.onCreate$lambda$16$lambda$15$lambda$4.<no name provided>>? declared in com.example.quizapp.MainActivity.onCreate$lambda$16$lambda$15$lambda$4.<no name provided>.<init>' type=kotlin.coroutines.Continuation<com.example.quizapp.MainActivity.onCreate$lambda$16$lambda$15$lambda$4.<no name provided>>? origin=null
              BLOCK type=kotlin.Unit origin=null
          FUN name:invokeSuspend visibility:public modality:FINAL <> ($this:com.example.quizapp.MainActivity.onCreate$lambda$16$lambda$15$lambda$4.<no name provided>, $result:kotlin.Result<kotlin.Any?>) returnType:kotlin.Any?
            overridden:
              protected abstract fun invokeSuspend ($result: kotlin.Result<kotlin.Any?>): kotlin.Any? declared in kotlin.coroutines.jvm.internal.SuspendLambda
            $this: VALUE_PARAMETER INSTANCE_RECEIVER name:<this> type:com.example.quizapp.MainActivity.onCreate$lambda$16$lambda$15$lambda$4.<no name provided>
            VALUE_PARAMETER name:$result index:0 type:kotlin.Result<kotlin.Any?>
            BLOCK_BODY
              WHEN type=kotlin.Unit origin=IF
                BRANCH
                  if: CALL 'public final fun not (): kotlin.Boolean [operator] declared in kotlin.Boolean' type=kotlin.Boolean origin=EXCLEQ
                    $this: CALL 'public final fun EQEQ (arg0: kotlin.Any?, arg1: kotlin.Any?): kotlin.Boolean declared in kotlin.internal.ir' type=kotlin.Boolean origin=EXCLEQ
                      arg0: CALL 'public final fun getSignedInUser (): com.example.quizapp.presentation.sign_in.UserData? declared in com.example.quizapp.presentation.sign_in.GoogleAuthUiClient' type=com.example.quizapp.presentation.sign_in.UserData? origin=null
                        $this: CALL 'public final fun access$getGoogleAuthUiClient ($this: com.example.quizapp.MainActivity): com.example.quizapp.presentation.sign_in.GoogleAuthUiClient declared in com.example.quizapp.MainActivity' type=com.example.quizapp.presentation.sign_in.GoogleAuthUiClient origin=GET_PROPERTY
                          $this: GET_FIELD 'FIELD FIELD_FOR_CAPTURED_VALUE name:this$0 type:com.example.quizapp.MainActivity visibility:public/*package*/ [final]' type=com.example.quizapp.MainActivity origin=null
                            receiver: GET_VAR '<this>: com.example.quizapp.MainActivity.onCreate$lambda$16$lambda$15$lambda$4.<no name provided> declared in com.example.quizapp.MainActivity.onCreate$lambda$16$lambda$15$lambda$4.<no name provided>.invokeSuspend' type=com.example.quizapp.MainActivity.onCreate$lambda$16$lambda$15$lambda$4.<no name provided> origin=null
                      arg1: CONST Null type=kotlin.Nothing? value=null
                  then: BLOCK type=kotlin.Unit origin=null
                    CALL 'public final fun navigate$default ($this: androidx.navigation.NavController, route: kotlin.String, navOptions: androidx.navigation.NavOptions?, navigatorExtras: androidx.navigation.Navigator.Extras?, $mask0: kotlin.Int, $handler: kotlin.Any?): kotlin.Unit declared in androidx.navigation.NavController' type=kotlin.Unit origin=DEFAULT_DISPATCH_CALL
                      $this: GET_FIELD 'FIELD FIELD_FOR_CAPTURED_VALUE name:$navController type:androidx.navigation.NavHostController visibility:public/*package*/ [final]' type=androidx.navigation.NavHostController origin=null
                        receiver: GET_VAR '<this>: com.example.quizapp.MainActivity.onCreate$lambda$16$lambda$15$lambda$4.<no name provided> declared in com.example.quizapp.MainActivity.onCreate$lambda$16$lambda$15$lambda$4.<no name provided>.invokeSuspend' type=com.example.quizapp.MainActivity.onCreate$lambda$16$lambda$15$lambda$4.<no name provided> origin=null
                      route: CONST String type=kotlin.String value="quizSection"
                      navOptions: COMPOSITE type=androidx.navigation.NavOptions? origin=DEFAULT_VALUE
                        CONST Null type=androidx.navigation.NavOptions? value=null
                      navigatorExtras: COMPOSITE type=androidx.navigation.Navigator.Extras? origin=DEFAULT_VALUE
                        CONST Null type=androidx.navigation.Navigator.Extras? value=null
                      $mask0: CONST Int type=kotlin.Int value=6
                      $handler: CONST Null type=kotlin.Any? value=null
          FUN name:create visibility:public modality:FINAL <> ($this:com.example.quizapp.MainActivity.onCreate$lambda$16$lambda$15$lambda$4.<no name provided>, value:kotlin.Any?, $completion:kotlin.coroutines.Continuation<kotlin.Nothing>) returnType:kotlin.coroutines.Continuation<kotlin.Unit>
            overridden:
              public open fun create (value: kotlin.Any?, $completion: kotlin.coroutines.Continuation<kotlin.Nothing>): kotlin.coroutines.Continuation<kotlin.Unit> declared in kotlin.coroutines.jvm.internal.SuspendLambda
            $this: VALUE_PARAMETER INSTANCE_RECEIVER name:<this> type:com.example.quizapp.MainActivity.onCreate$lambda$16$lambda$15$lambda$4.<no name provided>
            VALUE_PARAMETER name:value index:0 type:kotlin.Any?
            VALUE_PARAMETER name:$completion index:1 type:kotlin.coroutines.Continuation<kotlin.Nothing>
            BLOCK_BODY
              RETURN type=kotlin.Nothing from='public final fun create (value: kotlin.Any?, $completion: kotlin.coroutines.Continuation<kotlin.Nothing>): kotlin.coroutines.Continuation<kotlin.Unit> declared in com.example.quizapp.MainActivity.onCreate$lambda$16$lambda$15$lambda$4.<no name provided>'
                CONSTRUCTOR_CALL 'public/*package*/ constructor <init> (this$0: com.example.quizapp.MainActivity, $navController: androidx.navigation.NavHostController, $completion: kotlin.coroutines.Continuation<com.example.quizapp.MainActivity.onCreate$lambda$16$lambda$15$lambda$4.<no name provided>>?) [primary] declared in com.example.quizapp.MainActivity.onCreate$lambda$16$lambda$15$lambda$4.<no name provided>' type=com.example.quizapp.MainActivity.onCreate$lambda$16$lambda$15$lambda$4.<no name provided> origin=null
                  this$0: GET_FIELD 'FIELD FIELD_FOR_CAPTURED_VALUE name:this$0 type:com.example.quizapp.MainActivity visibility:public/*package*/ [final]' type=com.example.quizapp.MainActivity origin=null
                    receiver: GET_VAR '<this>: com.example.quizapp.MainActivity.onCreate$lambda$16$lambda$15$lambda$4.<no name provided> declared in com.example.quizapp.MainActivity.onCreate$lambda$16$lambda$15$lambda$4.<no name provided>.create' type=com.example.quizapp.MainActivity.onCreate$lambda$16$lambda$15$lambda$4.<no name provided> origin=null
                  $navController: GET_FIELD 'FIELD FIELD_FOR_CAPTURED_VALUE name:$navController type:androidx.navigation.NavHostController visibility:public/*package*/ [final]' type=androidx.navigation.NavHostController origin=null
                    receiver: GET_VAR '<this>: com.example.quizapp.MainActivity.onCreate$lambda$16$lambda$15$lambda$4.<no name provided> declared in com.example.quizapp.MainActivity.onCreate$lambda$16$lambda$15$lambda$4.<no name provided>.create' type=com.example.quizapp.MainActivity.onCreate$lambda$16$lambda$15$lambda$4.<no name provided> origin=null
                  $completion: GET_VAR '$completion: kotlin.coroutines.Continuation<kotlin.Nothing> declared in com.example.quizapp.MainActivity.onCreate$lambda$16$lambda$15$lambda$4.<no name provided>.create' type=kotlin.coroutines.Continuation<kotlin.Nothing> origin=null
          FUN name:invoke visibility:public modality:FINAL <> ($this:com.example.quizapp.MainActivity.onCreate$lambda$16$lambda$15$lambda$4.<no name provided>, p1:kotlinx.coroutines.CoroutineScope, p2:kotlin.coroutines.Continuation<kotlin.Unit>?) returnType:kotlin.Any?
            overridden:
              public abstract fun invoke (p1: P1 of kotlin.jvm.functions.Function2, p2: P2 of kotlin.jvm.functions.Function2): R of kotlin.jvm.functions.Function2 declared in kotlin.jvm.functions.Function2
            $this: VALUE_PARAMETER INSTANCE_RECEIVER name:<this> type:com.example.quizapp.MainActivity.onCreate$lambda$16$lambda$15$lambda$4.<no name provided>
            VALUE_PARAMETER name:p1 index:0 type:kotlinx.coroutines.CoroutineScope
            VALUE_PARAMETER name:p2 index:1 type:kotlin.coroutines.Continuation<kotlin.Unit>?
            BLOCK_BODY
              RETURN type=kotlin.Nothing from='public final fun invoke (p1: kotlinx.coroutines.CoroutineScope, p2: kotlin.coroutines.Continuation<kotlin.Unit>?): kotlin.Any? declared in com.example.quizapp.MainActivity.onCreate$lambda$16$lambda$15$lambda$4.<no name provided>'
                CALL 'public final fun invokeSuspend ($result: kotlin.Result<kotlin.Any?>): kotlin.Any? declared in com.example.quizapp.MainActivity.onCreate$lambda$16$lambda$15$lambda$4.<no name provided>' type=kotlin.Any? origin=null
                  $this: TYPE_OP type=com.example.quizapp.MainActivity.onCreate$lambda$16$lambda$15$lambda$4.<no name provided> origin=IMPLICIT_CAST typeOperand=com.example.quizapp.MainActivity.onCreate$lambda$16$lambda$15$lambda$4.<no name provided>
                    CALL 'public final fun create (value: kotlin.Any?, $completion: kotlin.coroutines.Continuation<kotlin.Nothing>): kotlin.coroutines.Continuation<kotlin.Unit> declared in com.example.quizapp.MainActivity.onCreate$lambda$16$lambda$15$lambda$4.<no name provided>' type=kotlin.coroutines.Continuation<kotlin.Unit> origin=null
                      $this: GET_VAR '<this>: com.example.quizapp.MainActivity.onCreate$lambda$16$lambda$15$lambda$4.<no name provided> declared in com.example.quizapp.MainActivity.onCreate$lambda$16$lambda$15$lambda$4.<no name provided>.invoke' type=com.example.quizapp.MainActivity.onCreate$lambda$16$lambda$15$lambda$4.<no name provided> origin=null
                      value: GET_VAR 'p1: kotlinx.coroutines.CoroutineScope declared in com.example.quizapp.MainActivity.onCreate$lambda$16$lambda$15$lambda$4.<no name provided>.invoke' type=kotlinx.coroutines.CoroutineScope origin=null
                      $completion: GET_VAR 'p2: kotlin.coroutines.Continuation<kotlin.Unit>? declared in com.example.quizapp.MainActivity.onCreate$lambda$16$lambda$15$lambda$4.<no name provided>.invoke' type=kotlin.coroutines.Continuation<kotlin.Unit>? origin=null
                  $result: CALL 'public final fun <unsafe-coerce> <T, R> (v: T of kotlin.jvm.internal.<unsafe-coerce>): R of kotlin.jvm.internal.<unsafe-coerce> declared in kotlin.jvm.internal' type=kotlin.Result<kotlin.Any?> origin=null
                    <T>: kotlin.Any?
                    <R>: kotlin.Result<kotlin.Any?>
                    v: GET_FIELD 'FIELD FIELD_FOR_OBJECT_INSTANCE name:INSTANCE type:kotlin.Unit visibility:public [final,static]' type=kotlin.Unit origin=null
          FIELD FIELD_FOR_CAPTURED_VALUE name:this$0 type:com.example.quizapp.MainActivity visibility:public/*package*/ [final]
          FIELD FIELD_FOR_CAPTURED_VALUE name:$navController type:androidx.navigation.NavHostController visibility:public/*package*/ [final]
          FUN BRIDGE name:invoke visibility:public modality:OPEN <> ($this:com.example.quizapp.MainActivity.onCreate$lambda$16$lambda$15$lambda$4.<no name provided>, p1:kotlin.Any?, p2:kotlin.Any?) returnType:kotlin.Any?
            $this: VALUE_PARAMETER INSTANCE_RECEIVER name:<this> type:com.example.quizapp.MainActivity.onCreate$lambda$16$lambda$15$lambda$4.<no name provided>
            VALUE_PARAMETER BRIDGE name:p1 index:0 type:kotlin.Any?
            VALUE_PARAMETER BRIDGE name:p2 index:1 type:kotlin.Any?
            EXPRESSION_BODY
              RETURN type=kotlin.Nothing from='public open fun invoke (p1: kotlin.Any?, p2: kotlin.Any?): kotlin.Any? declared in com.example.quizapp.MainActivity.onCreate$lambda$16$lambda$15$lambda$4.<no name provided>'
                CALL 'public final fun invoke (p1: kotlinx.coroutines.CoroutineScope, p2: kotlin.coroutines.Continuation<kotlin.Unit>?): kotlin.Any? declared in com.example.quizapp.MainActivity.onCreate$lambda$16$lambda$15$lambda$4.<no name provided>' type=kotlin.Any? origin=BRIDGE_DELEGATION
                  $this: GET_VAR '<this>: com.example.quizapp.MainActivity.onCreate$lambda$16$lambda$15$lambda$4.<no name provided> declared in com.example.quizapp.MainActivity.onCreate$lambda$16$lambda$15$lambda$4.<no name provided>.invoke' type=com.example.quizapp.MainActivity.onCreate$lambda$16$lambda$15$lambda$4.<no name provided> origin=null
                  p1: TYPE_OP type=kotlinx.coroutines.CoroutineScope origin=IMPLICIT_CAST typeOperand=kotlinx.coroutines.CoroutineScope
                    GET_VAR 'p1: kotlin.Any? declared in com.example.quizapp.MainActivity.onCreate$lambda$16$lambda$15$lambda$4.<no name provided>.invoke' type=kotlin.Any? origin=null
                  p2: TYPE_OP type=kotlin.coroutines.Continuation<*> origin=IMPLICIT_CAST typeOperand=kotlin.coroutines.Continuation<*>
                    GET_VAR 'p2: kotlin.Any? declared in com.example.quizapp.MainActivity.onCreate$lambda$16$lambda$15$lambda$4.<no name provided>.invoke' type=kotlin.Any? origin=null
        CONSTRUCTOR_CALL 'public/*package*/ constructor <init> (this$0: com.example.quizapp.MainActivity, $navController: androidx.navigation.NavHostController, $completion: kotlin.coroutines.Continuation<com.example.quizapp.MainActivity.onCreate$lambda$16$lambda$15$lambda$4.<no name provided>>?) [primary] declared in com.example.quizapp.MainActivity.onCreate$lambda$16$lambda$15$lambda$4.<no name provided>' type=com.example.quizapp.MainActivity.onCreate$lambda$16$lambda$15$lambda$4.<no name provided> origin=null
          this$0: GET_VAR 'this$0: com.example.quizapp.MainActivity declared in com.example.quizapp.MainActivity.onCreate$lambda$16$lambda$15$lambda$4' type=com.example.quizapp.MainActivity origin=null
          $navController: GET_VAR '$navController: androidx.navigation.NavHostController declared in com.example.quizapp.MainActivity.onCreate$lambda$16$lambda$15$lambda$4' type=androidx.navigation.NavHostController origin=null
          $completion: CONST Null type=kotlin.Nothing? value=null
    VAR name:launcher type:androidx.activity.compose.ManagedActivityResultLauncher<androidx.activity.result.IntentSenderRequest, androidx.activity.result.ActivityResult> [val]
      CALL 'public final fun rememberLauncherForActivityResult <I, O> (contract: androidx.activity.result.contract.ActivityResultContract<I of androidx.activity.compose.ActivityResultRegistryKt.rememberLauncherForActivityResult, O of androidx.activity.compose.ActivityResultRegistryKt.rememberLauncherForActivityResult>, onResult: kotlin.Function1<O of androidx.activity.compose.ActivityResultRegistryKt.rememberLauncherForActivityResult, kotlin.Unit>): androidx.activity.compose.ManagedActivityResultLauncher<I of androidx.activity.compose.ActivityResultRegistryKt.rememberLauncherForActivityResult, O of androidx.activity.compose.ActivityResultRegistryKt.rememberLauncherForActivityResult> declared in androidx.activity.compose.ActivityResultRegistryKt' type=androidx.activity.compose.ManagedActivityResultLauncher<androidx.activity.result.IntentSenderRequest, androidx.activity.result.ActivityResult> origin=null
        <I>: androidx.activity.result.IntentSenderRequest
        <O>: androidx.activity.result.ActivityResult
        contract: CONSTRUCTOR_CALL 'public constructor <init> () [primary] declared in androidx.activity.result.contract.ActivityResultContracts.StartIntentSenderForResult' type=androidx.activity.result.contract.ActivityResultContracts.StartIntentSenderForResult origin=null
        onResult: BLOCK type=kotlin.Function1<androidx.activity.result.ActivityResult, kotlin.Unit> origin=LAMBDA
          COMPOSITE type=kotlin.Unit origin=null
          CALL 'public final fun <jvm-indy> <T> (dynamicCall: T of kotlin.jvm.internal.<jvm-indy>, bootstrapMethodHandle: kotlin.Any, vararg bootstrapMethodArguments: kotlin.Any): T of kotlin.jvm.internal.<jvm-indy> declared in kotlin.jvm.internal' type=kotlin.Function1<androidx.activity.result.ActivityResult, kotlin.Unit> origin=null
            <T>: kotlin.Function1<androidx.activity.result.ActivityResult, kotlin.Unit>
            dynamicCall: CALL 'public final fun invoke (p0: com.example.quizapp.MainActivity, p1: com.example.quizapp.viewmodel.SignInVIewModel): kotlin.Function1<androidx.activity.result.ActivityResult, kotlin.Unit> declared in kotlin.jvm.internal.invokeDynamic' type=kotlin.Function1<androidx.activity.result.ActivityResult, kotlin.Unit> origin=null
              p0: GET_VAR 'this$0: com.example.quizapp.MainActivity declared in com.example.quizapp.MainActivity.onCreate$lambda$16$lambda$15$lambda$4' type=com.example.quizapp.MainActivity origin=null
              p1: GET_VAR 'val viewModel: com.example.quizapp.viewmodel.SignInVIewModel [val] declared in com.example.quizapp.MainActivity.onCreate$lambda$16$lambda$15$lambda$4' type=com.example.quizapp.viewmodel.SignInVIewModel origin=null
            bootstrapMethodHandle: CALL 'public final fun <jvm-method-handle> (tag: kotlin.Int, owner: kotlin.String, name: kotlin.String, descriptor: kotlin.String, isInterface: kotlin.Boolean): kotlin.Any declared in kotlin.jvm.internal' type=kotlin.Any origin=null
              tag: CONST Int type=kotlin.Int value=6
              owner: CONST String type=kotlin.String value="java/lang/invoke/LambdaMetafactory"
              name: CONST String type=kotlin.String value="metafactory"
              descriptor: CONST String type=kotlin.String value="(Ljava/lang/invoke/MethodHandles$Lookup;Ljava/lang/String;Ljava/lang/invoke/MethodType;Ljava/lang/invoke/MethodType;Ljava/lang/invoke/MethodHandle;Ljava/lang/invoke/MethodType;)Ljava/lang/invoke/CallSite;"
              isInterface: CONST Boolean type=kotlin.Boolean value=false
            bootstrapMethodArguments: VARARG type=kotlin.Array<kotlin.Any> varargElementType=kotlin.Any
              CALL 'public final fun <jvm-original-method-type> (method: kotlin.Any): kotlin.Any declared in kotlin.jvm.internal' type=kotlin.Any origin=null
                method: RAW_FUNCTION_REFERENCE 'public abstract fun invoke (p1: P1 of kotlin.Function1): R of kotlin.Function1 [operator] declared in kotlin.Function1' type=kotlin.Any
              RAW_FUNCTION_REFERENCE 'private final fun onCreate$lambda$16$lambda$15$lambda$4$lambda$2 (this$0: com.example.quizapp.MainActivity, $viewModel: com.example.quizapp.viewmodel.SignInVIewModel, result: androidx.activity.result.ActivityResult): kotlin.Unit? declared in com.example.quizapp.MainActivity' type=kotlin.Any
              CALL 'public final fun <jvm-original-method-type> (method: kotlin.Any): kotlin.Any declared in kotlin.jvm.internal' type=kotlin.Any origin=null
                method: RAW_FUNCTION_REFERENCE 'public abstract fun invoke (p1: androidx.activity.result.ActivityResult): kotlin.Unit? [fake_override,operator] declared in kotlin.jvm.internal.invokeDynamic.<fake>' type=kotlin.Any
    CALL 'public final fun LaunchedEffect (key1: kotlin.Any?, block: @[ExtensionFunctionType] kotlin.coroutines.SuspendFunction1<kotlinx.coroutines.CoroutineScope, kotlin.Unit>): kotlin.Unit declared in androidx.compose.runtime.EffectsKt' type=kotlin.Unit origin=null
      key1: CALL 'public final fun <get-isSignInSuccessful> (): kotlin.Boolean declared in com.example.quizapp.presentation.sign_in.SignInState' type=kotlin.Boolean origin=GET_PROPERTY
        $this: CALL 'private final fun onCreate$lambda$16$lambda$15$lambda$4$lambda$1 ($state$delegate: androidx.compose.runtime.State<com.example.quizapp.presentation.sign_in.SignInState>): com.example.quizapp.presentation.sign_in.SignInState declared in com.example.quizapp.MainActivity' type=com.example.quizapp.presentation.sign_in.SignInState origin=GET_LOCAL_PROPERTY
          $state$delegate: GET_VAR 'val state$delegate: androidx.compose.runtime.State<com.example.quizapp.presentation.sign_in.SignInState> [val] declared in com.example.quizapp.MainActivity.onCreate$lambda$16$lambda$15$lambda$4' type=androidx.compose.runtime.State<com.example.quizapp.presentation.sign_in.SignInState> origin=null
      block: BLOCK type=com.example.quizapp.MainActivity.onCreate$lambda$16$lambda$15$lambda$4.<no name provided> origin=null
        CLASS SUSPEND_LAMBDA CLASS name:<no name provided> modality:FINAL visibility:public/*package*/ superTypes:[kotlin.coroutines.jvm.internal.SuspendLambda; kotlin.jvm.functions.Function2<kotlinx.coroutines.CoroutineScope, kotlin.coroutines.Continuation<kotlin.Unit>?, kotlin.Any?>]
          $this: VALUE_PARAMETER INSTANCE_RECEIVER name:<this> type:com.example.quizapp.MainActivity.onCreate$lambda$16$lambda$15$lambda$4.<no name provided>
          FIELD name:label type:kotlin.Int visibility:public/*package*/
          CONSTRUCTOR SUSPEND_LAMBDA visibility:public/*package*/ <> (this$0:com.example.quizapp.MainActivity, $navController:androidx.navigation.NavHostController, $viewModel:com.example.quizapp.viewmodel.SignInVIewModel, $state$delegate:androidx.compose.runtime.State<com.example.quizapp.presentation.sign_in.SignInState>, $completion:kotlin.coroutines.Continuation<com.example.quizapp.MainActivity.onCreate$lambda$16$lambda$15$lambda$4.<no name provided>>?) returnType:com.example.quizapp.MainActivity.onCreate$lambda$16$lambda$15$lambda$4.<no name provided> [primary]
            VALUE_PARAMETER BOUND_RECEIVER_PARAMETER name:this$0 index:0 type:com.example.quizapp.MainActivity
            VALUE_PARAMETER BOUND_VALUE_PARAMETER name:$navController index:1 type:androidx.navigation.NavHostController
            VALUE_PARAMETER BOUND_VALUE_PARAMETER name:$viewModel index:2 type:com.example.quizapp.viewmodel.SignInVIewModel
            VALUE_PARAMETER BOUND_VALUE_PARAMETER name:$state$delegate index:3 type:androidx.compose.runtime.State<com.example.quizapp.presentation.sign_in.SignInState>
            VALUE_PARAMETER name:$completion index:4 type:kotlin.coroutines.Continuation<com.example.quizapp.MainActivity.onCreate$lambda$16$lambda$15$lambda$4.<no name provided>>?
            BLOCK_BODY
              SET_FIELD 'FIELD FIELD_FOR_CAPTURED_VALUE name:this$0 type:com.example.quizapp.MainActivity visibility:public/*package*/ [final]' type=kotlin.Unit origin=INITIALIZER_OF_FIELD_FOR_CAPTURED_VALUE
                receiver: GET_VAR '<this>: com.example.quizapp.MainActivity.onCreate$lambda$16$lambda$15$lambda$4.<no name provided> declared in com.example.quizapp.MainActivity.onCreate$lambda$16$lambda$15$lambda$4.<no name provided>' type=com.example.quizapp.MainActivity.onCreate$lambda$16$lambda$15$lambda$4.<no name provided> origin=null
                value: GET_VAR 'this$0: com.example.quizapp.MainActivity declared in com.example.quizapp.MainActivity.onCreate$lambda$16$lambda$15$lambda$4.<no name provided>.<init>' type=com.example.quizapp.MainActivity origin=null
              SET_FIELD 'FIELD FIELD_FOR_CAPTURED_VALUE name:$navController type:androidx.navigation.NavHostController visibility:public/*package*/ [final]' type=kotlin.Unit origin=INITIALIZER_OF_FIELD_FOR_CAPTURED_VALUE
                receiver: GET_VAR '<this>: com.example.quizapp.MainActivity.onCreate$lambda$16$lambda$15$lambda$4.<no name provided> declared in com.example.quizapp.MainActivity.onCreate$lambda$16$lambda$15$lambda$4.<no name provided>' type=com.example.quizapp.MainActivity.onCreate$lambda$16$lambda$15$lambda$4.<no name provided> origin=null
                value: GET_VAR '$navController: androidx.navigation.NavHostController declared in com.example.quizapp.MainActivity.onCreate$lambda$16$lambda$15$lambda$4.<no name provided>.<init>' type=androidx.navigation.NavHostController origin=null
              SET_FIELD 'FIELD FIELD_FOR_CAPTURED_VALUE name:$viewModel type:com.example.quizapp.viewmodel.SignInVIewModel visibility:public/*package*/ [final]' type=kotlin.Unit origin=INITIALIZER_OF_FIELD_FOR_CAPTURED_VALUE
                receiver: GET_VAR '<this>: com.example.quizapp.MainActivity.onCreate$lambda$16$lambda$15$lambda$4.<no name provided> declared in com.example.quizapp.MainActivity.onCreate$lambda$16$lambda$15$lambda$4.<no name provided>' type=com.example.quizapp.MainActivity.onCreate$lambda$16$lambda$15$lambda$4.<no name provided> origin=null
                value: GET_VAR '$viewModel: com.example.quizapp.viewmodel.SignInVIewModel declared in com.example.quizapp.MainActivity.onCreate$lambda$16$lambda$15$lambda$4.<no name provided>.<init>' type=com.example.quizapp.viewmodel.SignInVIewModel origin=null
              SET_FIELD 'FIELD FIELD_FOR_CAPTURED_VALUE name:$state$delegate type:androidx.compose.runtime.State<com.example.quizapp.presentation.sign_in.SignInState> visibility:public/*package*/ [final]' type=kotlin.Unit origin=INITIALIZER_OF_FIELD_FOR_CAPTURED_VALUE
                receiver: GET_VAR '<this>: com.example.quizapp.MainActivity.onCreate$lambda$16$lambda$15$lambda$4.<no name provided> declared in com.example.quizapp.MainActivity.onCreate$lambda$16$lambda$15$lambda$4.<no name provided>' type=com.example.quizapp.MainActivity.onCreate$lambda$16$lambda$15$lambda$4.<no name provided> origin=null
                value: GET_VAR '$state$delegate: androidx.compose.runtime.State<com.example.quizapp.presentation.sign_in.SignInState> declared in com.example.quizapp.MainActivity.onCreate$lambda$16$lambda$15$lambda$4.<no name provided>.<init>' type=androidx.compose.runtime.State<com.example.quizapp.presentation.sign_in.SignInState> origin=null
              DELEGATING_CONSTRUCTOR_CALL 'public constructor <init> (arity: kotlin.Int, $completion: kotlin.coroutines.Continuation<kotlin.Any?>?) declared in kotlin.coroutines.jvm.internal.SuspendLambda'
                arity: CONST Int type=kotlin.Int value=2
                $completion: GET_VAR '$completion: kotlin.coroutines.Continuation<com.example.quizapp.MainActivity.onCreate$lambda$16$lambda$15$lambda$4.<no name provided>>? declared in com.example.quizapp.MainActivity.onCreate$lambda$16$lambda$15$lambda$4.<no name provided>.<init>' type=kotlin.coroutines.Continuation<com.example.quizapp.MainActivity.onCreate$lambda$16$lambda$15$lambda$4.<no name provided>>? origin=null
              BLOCK type=kotlin.Unit origin=null
          FUN name:invokeSuspend visibility:public modality:FINAL <> ($this:com.example.quizapp.MainActivity.onCreate$lambda$16$lambda$15$lambda$4.<no name provided>, $result:kotlin.Result<kotlin.Any?>) returnType:kotlin.Any?
            overridden:
              protected abstract fun invokeSuspend ($result: kotlin.Result<kotlin.Any?>): kotlin.Any? declared in kotlin.coroutines.jvm.internal.SuspendLambda
            $this: VALUE_PARAMETER INSTANCE_RECEIVER name:<this> type:com.example.quizapp.MainActivity.onCreate$lambda$16$lambda$15$lambda$4.<no name provided>
            VALUE_PARAMETER name:$result index:0 type:kotlin.Result<kotlin.Any?>
            BLOCK_BODY
              WHEN type=kotlin.Unit origin=IF
                BRANCH
                  if: CALL 'public final fun <get-isSignInSuccessful> (): kotlin.Boolean declared in com.example.quizapp.presentation.sign_in.SignInState' type=kotlin.Boolean origin=GET_PROPERTY
                    $this: CALL 'public final fun access$onCreate$lambda$16$lambda$15$lambda$4$lambda$1 ($state$delegate: androidx.compose.runtime.State<com.example.quizapp.presentation.sign_in.SignInState>): com.example.quizapp.presentation.sign_in.SignInState declared in com.example.quizapp.MainActivity' type=com.example.quizapp.presentation.sign_in.SignInState origin=GET_LOCAL_PROPERTY
                      $state$delegate: GET_FIELD 'FIELD FIELD_FOR_CAPTURED_VALUE name:$state$delegate type:androidx.compose.runtime.State<com.example.quizapp.presentation.sign_in.SignInState> visibility:public/*package*/ [final]' type=androidx.compose.runtime.State<com.example.quizapp.presentation.sign_in.SignInState> origin=null
                        receiver: GET_VAR '<this>: com.example.quizapp.MainActivity.onCreate$lambda$16$lambda$15$lambda$4.<no name provided> declared in com.example.quizapp.MainActivity.onCreate$lambda$16$lambda$15$lambda$4.<no name provided>.invokeSuspend' type=com.example.quizapp.MainActivity.onCreate$lambda$16$lambda$15$lambda$4.<no name provided> origin=null
                  then: BLOCK type=kotlin.Unit origin=null
                    CALL 'public open fun show (): kotlin.Unit declared in android.widget.Toast' type=kotlin.Unit origin=null
                      $this: CALL 'public open fun makeText (p0: @[FlexibleNullability] android.content.Context?, p1: @[FlexibleNullability] kotlin.CharSequence?, p2: kotlin.Int): @[FlexibleNullability] android.widget.Toast? declared in android.widget.Toast' type=@[FlexibleNullability] android.widget.Toast? origin=null
                        p0: CALL 'public open fun getApplicationContext (): @[FlexibleNullability] android.content.Context? [fake_override] declared in com.example.quizapp.MainActivity' type=@[FlexibleNullability] android.content.Context? origin=GET_PROPERTY
                          $this: GET_FIELD 'FIELD FIELD_FOR_CAPTURED_VALUE name:this$0 type:com.example.quizapp.MainActivity visibility:public/*package*/ [final]' type=com.example.quizapp.MainActivity origin=null
                            receiver: GET_VAR '<this>: com.example.quizapp.MainActivity.onCreate$lambda$16$lambda$15$lambda$4.<no name provided> declared in com.example.quizapp.MainActivity.onCreate$lambda$16$lambda$15$lambda$4.<no name provided>.invokeSuspend' type=com.example.quizapp.MainActivity.onCreate$lambda$16$lambda$15$lambda$4.<no name provided> origin=null
                        p1: CONST String type=kotlin.String value="Sign in successful"
                        p2: CONST Int type=kotlin.Int value=1
                    CALL 'public final fun navigate$default ($this: androidx.navigation.NavController, route: kotlin.String, navOptions: androidx.navigation.NavOptions?, navigatorExtras: androidx.navigation.Navigator.Extras?, $mask0: kotlin.Int, $handler: kotlin.Any?): kotlin.Unit declared in androidx.navigation.NavController' type=kotlin.Unit origin=DEFAULT_DISPATCH_CALL
                      $this: GET_FIELD 'FIELD FIELD_FOR_CAPTURED_VALUE name:$navController type:androidx.navigation.NavHostController visibility:public/*package*/ [final]' type=androidx.navigation.NavHostController origin=null
                        receiver: GET_VAR '<this>: com.example.quizapp.MainActivity.onCreate$lambda$16$lambda$15$lambda$4.<no name provided> declared in com.example.quizapp.MainActivity.onCreate$lambda$16$lambda$15$lambda$4.<no name provided>.invokeSuspend' type=com.example.quizapp.MainActivity.onCreate$lambda$16$lambda$15$lambda$4.<no name provided> origin=null
                      route: CONST String type=kotlin.String value="quizSection"
                      navOptions: COMPOSITE type=androidx.navigation.NavOptions? origin=DEFAULT_VALUE
                        CONST Null type=androidx.navigation.NavOptions? value=null
                      navigatorExtras: COMPOSITE type=androidx.navigation.Navigator.Extras? origin=DEFAULT_VALUE
                        CONST Null type=androidx.navigation.Navigator.Extras? value=null
                      $mask0: CONST Int type=kotlin.Int value=6
                      $handler: CONST Null type=kotlin.Any? value=null
                    CALL 'public final fun resetState (): kotlin.Unit declared in com.example.quizapp.viewmodel.SignInVIewModel' type=kotlin.Unit origin=null
                      $this: GET_FIELD 'FIELD FIELD_FOR_CAPTURED_VALUE name:$viewModel type:com.example.quizapp.viewmodel.SignInVIewModel visibility:public/*package*/ [final]' type=com.example.quizapp.viewmodel.SignInVIewModel origin=null
                        receiver: GET_VAR '<this>: com.example.quizapp.MainActivity.onCreate$lambda$16$lambda$15$lambda$4.<no name provided> declared in com.example.quizapp.MainActivity.onCreate$lambda$16$lambda$15$lambda$4.<no name provided>.invokeSuspend' type=com.example.quizapp.MainActivity.onCreate$lambda$16$lambda$15$lambda$4.<no name provided> origin=null
          FUN name:create visibility:public modality:FINAL <> ($this:com.example.quizapp.MainActivity.onCreate$lambda$16$lambda$15$lambda$4.<no name provided>, value:kotlin.Any?, $completion:kotlin.coroutines.Continuation<kotlin.Nothing>) returnType:kotlin.coroutines.Continuation<kotlin.Unit>
            overridden:
              public open fun create (value: kotlin.Any?, $completion: kotlin.coroutines.Continuation<kotlin.Nothing>): kotlin.coroutines.Continuation<kotlin.Unit> declared in kotlin.coroutines.jvm.internal.SuspendLambda
            $this: VALUE_PARAMETER INSTANCE_RECEIVER name:<this> type:com.example.quizapp.MainActivity.onCreate$lambda$16$lambda$15$lambda$4.<no name provided>
            VALUE_PARAMETER name:value index:0 type:kotlin.Any?
            VALUE_PARAMETER name:$completion index:1 type:kotlin.coroutines.Continuation<kotlin.Nothing>
            BLOCK_BODY
              RETURN type=kotlin.Nothing from='public final fun create (value: kotlin.Any?, $completion: kotlin.coroutines.Continuation<kotlin.Nothing>): kotlin.coroutines.Continuation<kotlin.Unit> declared in com.example.quizapp.MainActivity.onCreate$lambda$16$lambda$15$lambda$4.<no name provided>'
                CONSTRUCTOR_CALL 'public/*package*/ constructor <init> (this$0: com.example.quizapp.MainActivity, $navController: androidx.navigation.NavHostController, $viewModel: com.example.quizapp.viewmodel.SignInVIewModel, $state$delegate: androidx.compose.runtime.State<com.example.quizapp.presentation.sign_in.SignInState>, $completion: kotlin.coroutines.Continuation<com.example.quizapp.MainActivity.onCreate$lambda$16$lambda$15$lambda$4.<no name provided>>?) [primary] declared in com.example.quizapp.MainActivity.onCreate$lambda$16$lambda$15$lambda$4.<no name provided>' type=com.example.quizapp.MainActivity.onCreate$lambda$16$lambda$15$lambda$4.<no name provided> origin=null
                  this$0: GET_FIELD 'FIELD FIELD_FOR_CAPTURED_VALUE name:this$0 type:com.example.quizapp.MainActivity visibility:public/*package*/ [final]' type=com.example.quizapp.MainActivity origin=null
                    receiver: GET_VAR '<this>: com.example.quizapp.MainActivity.onCreate$lambda$16$lambda$15$lambda$4.<no name provided> declared in com.example.quizapp.MainActivity.onCreate$lambda$16$lambda$15$lambda$4.<no name provided>.create' type=com.example.quizapp.MainActivity.onCreate$lambda$16$lambda$15$lambda$4.<no name provided> origin=null
                  $navController: GET_FIELD 'FIELD FIELD_FOR_CAPTURED_VALUE name:$navController type:androidx.navigation.NavHostController visibility:public/*package*/ [final]' type=androidx.navigation.NavHostController origin=null
                    receiver: GET_VAR '<this>: com.example.quizapp.MainActivity.onCreate$lambda$16$lambda$15$lambda$4.<no name provided> declared in com.example.quizapp.MainActivity.onCreate$lambda$16$lambda$15$lambda$4.<no name provided>.create' type=com.example.quizapp.MainActivity.onCreate$lambda$16$lambda$15$lambda$4.<no name provided> origin=null
                  $viewModel: GET_FIELD 'FIELD FIELD_FOR_CAPTURED_VALUE name:$viewModel type:com.example.quizapp.viewmodel.SignInVIewModel visibility:public/*package*/ [final]' type=com.example.quizapp.viewmodel.SignInVIewModel origin=null
                    receiver: GET_VAR '<this>: com.example.quizapp.MainActivity.onCreate$lambda$16$lambda$15$lambda$4.<no name provided> declared in com.example.quizapp.MainActivity.onCreate$lambda$16$lambda$15$lambda$4.<no name provided>.create' type=com.example.quizapp.MainActivity.onCreate$lambda$16$lambda$15$lambda$4.<no name provided> origin=null
                  $state$delegate: GET_FIELD 'FIELD FIELD_FOR_CAPTURED_VALUE name:$state$delegate type:androidx.compose.runtime.State<com.example.quizapp.presentation.sign_in.SignInState> visibility:public/*package*/ [final]' type=androidx.compose.runtime.State<com.example.quizapp.presentation.sign_in.SignInState> origin=null
                    receiver: GET_VAR '<this>: com.example.quizapp.MainActivity.onCreate$lambda$16$lambda$15$lambda$4.<no name provided> declared in com.example.quizapp.MainActivity.onCreate$lambda$16$lambda$15$lambda$4.<no name provided>.create' type=com.example.quizapp.MainActivity.onCreate$lambda$16$lambda$15$lambda$4.<no name provided> origin=null
                  $completion: GET_VAR '$completion: kotlin.coroutines.Continuation<kotlin.Nothing> declared in com.example.quizapp.MainActivity.onCreate$lambda$16$lambda$15$lambda$4.<no name provided>.create' type=kotlin.coroutines.Continuation<kotlin.Nothing> origin=null
          FUN name:invoke visibility:public modality:FINAL <> ($this:com.example.quizapp.MainActivity.onCreate$lambda$16$lambda$15$lambda$4.<no name provided>, p1:kotlinx.coroutines.CoroutineScope, p2:kotlin.coroutines.Continuation<kotlin.Unit>?) returnType:kotlin.Any?
            overridden:
              public abstract fun invoke (p1: P1 of kotlin.jvm.functions.Function2, p2: P2 of kotlin.jvm.functions.Function2): R of kotlin.jvm.functions.Function2 declared in kotlin.jvm.functions.Function2
            $this: VALUE_PARAMETER INSTANCE_RECEIVER name:<this> type:com.example.quizapp.MainActivity.onCreate$lambda$16$lambda$15$lambda$4.<no name provided>
            VALUE_PARAMETER name:p1 index:0 type:kotlinx.coroutines.CoroutineScope
            VALUE_PARAMETER name:p2 index:1 type:kotlin.coroutines.Continuation<kotlin.Unit>?
            BLOCK_BODY
              RETURN type=kotlin.Nothing from='public final fun invoke (p1: kotlinx.coroutines.CoroutineScope, p2: kotlin.coroutines.Continuation<kotlin.Unit>?): kotlin.Any? declared in com.example.quizapp.MainActivity.onCreate$lambda$16$lambda$15$lambda$4.<no name provided>'
                CALL 'public final fun invokeSuspend ($result: kotlin.Result<kotlin.Any?>): kotlin.Any? declared in com.example.quizapp.MainActivity.onCreate$lambda$16$lambda$15$lambda$4.<no name provided>' type=kotlin.Any? origin=null
                  $this: TYPE_OP type=com.example.quizapp.MainActivity.onCreate$lambda$16$lambda$15$lambda$4.<no name provided> origin=IMPLICIT_CAST typeOperand=com.example.quizapp.MainActivity.onCreate$lambda$16$lambda$15$lambda$4.<no name provided>
                    CALL 'public final fun create (value: kotlin.Any?, $completion: kotlin.coroutines.Continuation<kotlin.Nothing>): kotlin.coroutines.Continuation<kotlin.Unit> declared in com.example.quizapp.MainActivity.onCreate$lambda$16$lambda$15$lambda$4.<no name provided>' type=kotlin.coroutines.Continuation<kotlin.Unit> origin=null
                      $this: GET_VAR '<this>: com.example.quizapp.MainActivity.onCreate$lambda$16$lambda$15$lambda$4.<no name provided> declared in com.example.quizapp.MainActivity.onCreate$lambda$16$lambda$15$lambda$4.<no name provided>.invoke' type=com.example.quizapp.MainActivity.onCreate$lambda$16$lambda$15$lambda$4.<no name provided> origin=null
                      value: GET_VAR 'p1: kotlinx.coroutines.CoroutineScope declared in com.example.quizapp.MainActivity.onCreate$lambda$16$lambda$15$lambda$4.<no name provided>.invoke' type=kotlinx.coroutines.CoroutineScope origin=null
                      $completion: GET_VAR 'p2: kotlin.coroutines.Continuation<kotlin.Unit>? declared in com.example.quizapp.MainActivity.onCreate$lambda$16$lambda$15$lambda$4.<no name provided>.invoke' type=kotlin.coroutines.Continuation<kotlin.Unit>? origin=null
                  $result: CALL 'public final fun <unsafe-coerce> <T, R> (v: T of kotlin.jvm.internal.<unsafe-coerce>): R of kotlin.jvm.internal.<unsafe-coerce> declared in kotlin.jvm.internal' type=kotlin.Result<kotlin.Any?> origin=null
                    <T>: kotlin.Any?
                    <R>: kotlin.Result<kotlin.Any?>
                    v: GET_FIELD 'FIELD FIELD_FOR_OBJECT_INSTANCE name:INSTANCE type:kotlin.Unit visibility:public [final,static]' type=kotlin.Unit origin=null
          FIELD FIELD_FOR_CAPTURED_VALUE name:this$0 type:com.example.quizapp.MainActivity visibility:public/*package*/ [final]
          FIELD FIELD_FOR_CAPTURED_VALUE name:$navController type:androidx.navigation.NavHostController visibility:public/*package*/ [final]
          FIELD FIELD_FOR_CAPTURED_VALUE name:$viewModel type:com.example.quizapp.viewmodel.SignInVIewModel visibility:public/*package*/ [final]
          FIELD FIELD_FOR_CAPTURED_VALUE name:$state$delegate type:androidx.compose.runtime.State<com.example.quizapp.presentation.sign_in.SignInState> visibility:public/*package*/ [final]
          FUN BRIDGE name:invoke visibility:public modality:OPEN <> ($this:com.example.quizapp.MainActivity.onCreate$lambda$16$lambda$15$lambda$4.<no name provided>, p1:kotlin.Any?, p2:kotlin.Any?) returnType:kotlin.Any?
            $this: VALUE_PARAMETER INSTANCE_RECEIVER name:<this> type:com.example.quizapp.MainActivity.onCreate$lambda$16$lambda$15$lambda$4.<no name provided>
            VALUE_PARAMETER BRIDGE name:p1 index:0 type:kotlin.Any?
            VALUE_PARAMETER BRIDGE name:p2 index:1 type:kotlin.Any?
            EXPRESSION_BODY
              RETURN type=kotlin.Nothing from='public open fun invoke (p1: kotlin.Any?, p2: kotlin.Any?): kotlin.Any? declared in com.example.quizapp.MainActivity.onCreate$lambda$16$lambda$15$lambda$4.<no name provided>'
                CALL 'public final fun invoke (p1: kotlinx.coroutines.CoroutineScope, p2: kotlin.coroutines.Continuation<kotlin.Unit>?): kotlin.Any? declared in com.example.quizapp.MainActivity.onCreate$lambda$16$lambda$15$lambda$4.<no name provided>' type=kotlin.Any? origin=BRIDGE_DELEGATION
                  $this: GET_VAR '<this>: com.example.quizapp.MainActivity.onCreate$lambda$16$lambda$15$lambda$4.<no name provided> declared in com.example.quizapp.MainActivity.onCreate$lambda$16$lambda$15$lambda$4.<no name provided>.invoke' type=com.example.quizapp.MainActivity.onCreate$lambda$16$lambda$15$lambda$4.<no name provided> origin=null
                  p1: TYPE_OP type=kotlinx.coroutines.CoroutineScope origin=IMPLICIT_CAST typeOperand=kotlinx.coroutines.CoroutineScope
                    GET_VAR 'p1: kotlin.Any? declared in com.example.quizapp.MainActivity.onCreate$lambda$16$lambda$15$lambda$4.<no name provided>.invoke' type=kotlin.Any? origin=null
                  p2: TYPE_OP type=kotlin.coroutines.Continuation<*> origin=IMPLICIT_CAST typeOperand=kotlin.coroutines.Continuation<*>
                    GET_VAR 'p2: kotlin.Any? declared in com.example.quizapp.MainActivity.onCreate$lambda$16$lambda$15$lambda$4.<no name provided>.invoke' type=kotlin.Any? origin=null
        CONSTRUCTOR_CALL 'public/*package*/ constructor <init> (this$0: com.example.quizapp.MainActivity, $navController: androidx.navigation.NavHostController, $viewModel: com.example.quizapp.viewmodel.SignInVIewModel, $state$delegate: androidx.compose.runtime.State<com.example.quizapp.presentation.sign_in.SignInState>, $completion: kotlin.coroutines.Continuation<com.example.quizapp.MainActivity.onCreate$lambda$16$lambda$15$lambda$4.<no name provided>>?) [primary] declared in com.example.quizapp.MainActivity.onCreate$lambda$16$lambda$15$lambda$4.<no name provided>' type=com.example.quizapp.MainActivity.onCreate$lambda$16$lambda$15$lambda$4.<no name provided> origin=null
          this$0: GET_VAR 'this$0: com.example.quizapp.MainActivity declared in com.example.quizapp.MainActivity.onCreate$lambda$16$lambda$15$lambda$4' type=com.example.quizapp.MainActivity origin=null
          $navController: GET_VAR '$navController: androidx.navigation.NavHostController declared in com.example.quizapp.MainActivity.onCreate$lambda$16$lambda$15$lambda$4' type=androidx.navigation.NavHostController origin=null
          $viewModel: GET_VAR 'val viewModel: com.example.quizapp.viewmodel.SignInVIewModel [val] declared in com.example.quizapp.MainActivity.onCreate$lambda$16$lambda$15$lambda$4' type=com.example.quizapp.viewmodel.SignInVIewModel origin=null
          $state$delegate: GET_VAR 'val state$delegate: androidx.compose.runtime.State<com.example.quizapp.presentation.sign_in.SignInState> [val] declared in com.example.quizapp.MainActivity.onCreate$lambda$16$lambda$15$lambda$4' type=androidx.compose.runtime.State<com.example.quizapp.presentation.sign_in.SignInState> origin=null
          $completion: CONST Null type=kotlin.Nothing? value=null
    CALL 'public final fun AppContent (state: com.example.quizapp.presentation.sign_in.SignInState, onGoogleSignIn: kotlin.Function0<kotlin.Unit>): kotlin.Unit declared in com.example.quizapp.screens.SplashScreenKt' type=kotlin.Unit origin=null
      state: CALL 'private final fun onCreate$lambda$16$lambda$15$lambda$4$lambda$1 ($state$delegate: androidx.compose.runtime.State<com.example.quizapp.presentation.sign_in.SignInState>): com.example.quizapp.presentation.sign_in.SignInState declared in com.example.quizapp.MainActivity' type=com.example.quizapp.presentation.sign_in.SignInState origin=GET_LOCAL_PROPERTY
        $state$delegate: GET_VAR 'val state$delegate: androidx.compose.runtime.State<com.example.quizapp.presentation.sign_in.SignInState> [val] declared in com.example.quizapp.MainActivity.onCreate$lambda$16$lambda$15$lambda$4' type=androidx.compose.runtime.State<com.example.quizapp.presentation.sign_in.SignInState> origin=null
      onGoogleSignIn: BLOCK type=kotlin.Function0<kotlin.Unit> origin=LAMBDA
        COMPOSITE type=kotlin.Unit origin=null
        CALL 'public final fun <jvm-indy> <T> (dynamicCall: T of kotlin.jvm.internal.<jvm-indy>, bootstrapMethodHandle: kotlin.Any, vararg bootstrapMethodArguments: kotlin.Any): T of kotlin.jvm.internal.<jvm-indy> declared in kotlin.jvm.internal' type=kotlin.Function0<kotlin.Unit> origin=null
          <T>: kotlin.Function0<kotlin.Unit>
          dynamicCall: CALL 'public final fun invoke (p0: com.example.quizapp.MainActivity, p1: androidx.activity.compose.ManagedActivityResultLauncher<androidx.activity.result.IntentSenderRequest, androidx.activity.result.ActivityResult>): kotlin.Function0<kotlin.Unit> declared in kotlin.jvm.internal.invokeDynamic' type=kotlin.Function0<kotlin.Unit> origin=null
            p0: GET_VAR 'this$0: com.example.quizapp.MainActivity declared in com.example.quizapp.MainActivity.onCreate$lambda$16$lambda$15$lambda$4' type=com.example.quizapp.MainActivity origin=null
            p1: GET_VAR 'val launcher: androidx.activity.compose.ManagedActivityResultLauncher<androidx.activity.result.IntentSenderRequest, androidx.activity.result.ActivityResult> [val] declared in com.example.quizapp.MainActivity.onCreate$lambda$16$lambda$15$lambda$4' type=androidx.activity.compose.ManagedActivityResultLauncher<androidx.activity.result.IntentSenderRequest, androidx.activity.result.ActivityResult> origin=null
          bootstrapMethodHandle: CALL 'public final fun <jvm-method-handle> (tag: kotlin.Int, owner: kotlin.String, name: kotlin.String, descriptor: kotlin.String, isInterface: kotlin.Boolean): kotlin.Any declared in kotlin.jvm.internal' type=kotlin.Any origin=null
            tag: CONST Int type=kotlin.Int value=6
            owner: CONST String type=kotlin.String value="java/lang/invoke/LambdaMetafactory"
            name: CONST String type=kotlin.String value="metafactory"
            descriptor: CONST String type=kotlin.String value="(Ljava/lang/invoke/MethodHandles$Lookup;Ljava/lang/String;Ljava/lang/invoke/MethodType;Ljava/lang/invoke/MethodType;Ljava/lang/invoke/MethodHandle;Ljava/lang/invoke/MethodType;)Ljava/lang/invoke/CallSite;"
            isInterface: CONST Boolean type=kotlin.Boolean value=false
          bootstrapMethodArguments: VARARG type=kotlin.Array<kotlin.Any> varargElementType=kotlin.Any
            CALL 'public final fun <jvm-original-method-type> (method: kotlin.Any): kotlin.Any declared in kotlin.jvm.internal' type=kotlin.Any origin=null
              method: RAW_FUNCTION_REFERENCE 'public abstract fun invoke (): R of kotlin.Function0 [operator] declared in kotlin.Function0' type=kotlin.Any
            RAW_FUNCTION_REFERENCE 'private final fun onCreate$lambda$16$lambda$15$lambda$4$lambda$3 (this$0: com.example.quizapp.MainActivity, $launcher: androidx.activity.compose.ManagedActivityResultLauncher<androidx.activity.result.IntentSenderRequest, androidx.activity.result.ActivityResult>): kotlin.Unit? declared in com.example.quizapp.MainActivity' type=kotlin.Any
            CALL 'public final fun <jvm-original-method-type> (method: kotlin.Any): kotlin.Any declared in kotlin.jvm.internal' type=kotlin.Any origin=null
              method: RAW_FUNCTION_REFERENCE 'public abstract fun invoke (): kotlin.Unit? [fake_override,operator] declared in kotlin.jvm.internal.invokeDynamic.<fake>' type=kotlin.Any

	at org.jetbrains.kotlin.backend.jvm.codegen.FunctionCodegen.generate(FunctionCodegen.kt:50)
	at org.jetbrains.kotlin.backend.jvm.codegen.FunctionCodegen.generate$default(FunctionCodegen.kt:42)
	at org.jetbrains.kotlin.backend.jvm.codegen.ClassCodegen.generateMethodNode(ClassCodegen.kt:385)
	at org.jetbrains.kotlin.backend.jvm.codegen.ClassCodegen.generateMethod(ClassCodegen.kt:402)
	at org.jetbrains.kotlin.backend.jvm.codegen.ClassCodegen.generate(ClassCodegen.kt:169)
	at org.jetbrains.kotlin.backend.jvm.FileCodegen.lower(JvmPhases.kt:41)
	at org.jetbrains.kotlin.backend.common.phaser.PhaseBuildersKt.makeIrFilePhase$lambda$5(PhaseBuilders.kt:114)
	at org.jetbrains.kotlin.backend.common.phaser.PhaseBuildersKt$createSimpleNamedCompilerPhase$1.phaseBody(PhaseBuilders.kt:71)
	at org.jetbrains.kotlin.backend.common.phaser.SimpleNamedCompilerPhase.phaseBody(CompilerPhase.kt:226)
	at org.jetbrains.kotlin.backend.common.phaser.AbstractNamedCompilerPhase.invoke(CompilerPhase.kt:113)
	at org.jetbrains.kotlin.backend.common.phaser.PerformByIrFilePhase.invokeSequential(performByIrFile.kt:62)
	... 44 more
Caused by: org.jetbrains.kotlin.codegen.CompilationException: Back-end (JVM) Internal error: Couldn't inline method call: CALL 'public final fun viewModel$default <VM> (viewModelStoreOwner: androidx.lifecycle.ViewModelStoreOwner?, key: kotlin.String?, factory: androidx.lifecycle.ViewModelProvider.Factory?, extras: androidx.lifecycle.viewmodel.CreationExtras?, $mask0: kotlin.Int, $handler: kotlin.Any?): VM of androidx.lifecycle.viewmodel.compose.ViewModelKt.viewModel$default [inline] declared in androidx.lifecycle.viewmodel.compose.ViewModelKt' type=VM of androidx.lifecycle.viewmodel.compose.ViewModelKt.viewModel$default origin=DEFAULT_DISPATCH_CALL
Method: null
File is unknown
The root cause java.lang.IllegalStateException was thrown at: org.jetbrains.kotlin.codegen.inline.SourceCompilerForInlineKt.getMethodNode(SourceCompilerForInline.kt:118)
	at org.jetbrains.kotlin.codegen.inline.InlineCodegen.performInline(InlineCodegen.kt:65)
	at org.jetbrains.kotlin.backend.jvm.codegen.IrInlineCodegen.genInlineCall(IrInlineCodegen.kt:162)
	at org.jetbrains.kotlin.backend.jvm.codegen.IrInlineCallGenerator.genCall(IrInlineCallGenerator.kt:36)
	at org.jetbrains.kotlin.backend.jvm.codegen.ExpressionCodegen.visitCall(ExpressionCodegen.kt:647)
	at org.jetbrains.kotlin.backend.jvm.codegen.ExpressionCodegen.visitCall(ExpressionCodegen.kt:137)
	at org.jetbrains.kotlin.ir.expressions.IrCall.accept(IrCall.kt:24)
	at org.jetbrains.kotlin.backend.jvm.codegen.ExpressionCodegen.visitTypeOperator(ExpressionCodegen.kt:1121)
	at org.jetbrains.kotlin.backend.jvm.codegen.ExpressionCodegen.visitTypeOperator(ExpressionCodegen.kt:137)
	at org.jetbrains.kotlin.ir.expressions.IrTypeOperatorCall.accept(IrTypeOperatorCall.kt:26)
	at org.jetbrains.kotlin.backend.jvm.codegen.ExpressionCodegen.visitVariable(ExpressionCodegen.kt:784)
	at org.jetbrains.kotlin.backend.jvm.codegen.ExpressionCodegen.visitVariable(ExpressionCodegen.kt:137)
	at org.jetbrains.kotlin.ir.declarations.IrVariable.accept(IrVariable.kt:36)
	at org.jetbrains.kotlin.backend.jvm.codegen.ExpressionCodegen.visitStatementContainer(ExpressionCodegen.kt:573)
	at org.jetbrains.kotlin.backend.jvm.codegen.ExpressionCodegen.visitBlockBody(ExpressionCodegen.kt:578)
	at org.jetbrains.kotlin.backend.jvm.codegen.ExpressionCodegen.visitBlockBody(ExpressionCodegen.kt:137)
	at org.jetbrains.kotlin.ir.expressions.IrBlockBody.accept(IrBlockBody.kt:20)
	at org.jetbrains.kotlin.backend.jvm.codegen.ExpressionCodegen.generate(ExpressionCodegen.kt:239)
	at org.jetbrains.kotlin.backend.jvm.codegen.FunctionCodegen.doGenerate(FunctionCodegen.kt:121)
	at org.jetbrains.kotlin.backend.jvm.codegen.FunctionCodegen.generate(FunctionCodegen.kt:46)
	... 54 more
Caused by: java.lang.IllegalStateException: couldn't find inline method Landroidx/lifecycle/viewmodel/compose/ViewModelKt__ViewModelKt;.viewModel$default(Landroidx/lifecycle/ViewModelStoreOwner;Ljava/lang/String;Landroidx/lifecycle/ViewModelProvider$Factory;Landroidx/lifecycle/viewmodel/CreationExtras;ILjava/lang/Object;)Landroidx/lifecycle/ViewModel;
	at org.jetbrains.kotlin.codegen.inline.SourceCompilerForInlineKt.getMethodNode(SourceCompilerForInline.kt:118)
	at org.jetbrains.kotlin.codegen.inline.SourceCompilerForInlineKt.loadCompiledInlineFunction(SourceCompilerForInline.kt:96)
	at org.jetbrains.kotlin.backend.jvm.codegen.IrSourceCompilerForInline.compileInlineFunction(IrSourceCompilerForInline.kt:91)
	at org.jetbrains.kotlin.codegen.inline.InlineCodegen.compileInline(InlineCodegen.kt:43)
	at org.jetbrains.kotlin.codegen.inline.InlineCodegen.performInline(InlineCodegen.kt:51)
	... 72 more


